gpasm-1.4.0 #1107 (Apr  3 2018)       DDS.ASM   7-4-2021  14:20:05          PAGE  1


LOC    OBJECT CODE    LINE  SOURCE TEXT
  VALUE

                      00001 ; TTL Logic Based Direct Digital Synthesis (DDS)
                      00002 ; Mike McCann KB2GHZ
                      00003 ; 2021 TAPR/DCC
                      00004 ;
                      00005                 PROCESSOR       16F628A
                      00006                 INCLUDE         <p16f628a.inc>
                      00001         LIST
                      00002 
                      00003 ;==========================================================================
                      00004 ; Build date : Aug 07 2014
                      00005 ;  MPASM PIC16F628A processor include
                      00006 ; 
                      00007 ;  (c) Copyright 1999-2014 Microchip Technology, All rights reserved
                      00008 ;==========================================================================
                      00009 
                      00386         LIST
2007   3FEA           00007                 __CONFIG        _WDT_OFF & _FOSC_HS & _MCLRE_ON
                      00008 
                      00009 ; COMMON RAM STORAGE
                      00010 
  00000070            00011 LINEBUF         EQU             __COMMON_RAM_START ; INPUTTED COMMAND
  00000075            00012 CHCNT           EQU             LINEBUF+5       ; NUMBER OF INPUTTED CHARACTERS
  00000076            00013 SREG1           EQU             CHCNT+1         ; SCRATCH REGISTER
  00000077            00014 SREG2           EQU             SREG1+1         ; SCRATCH REGISTER
  00000078            00015 TWLO            EQU             SREG2+1         ; TUNING WORD LSB
  00000079            00016 TWHI            EQU             TWLO+1          ; TUNING WORD MSB
                      00017 
  00000005            00018 CHLIM           EQU             5               ; MAXIMUM 5 CHARACTERS IN LINE BUFFER
                      00019 
                      00020 ; ASCII CHARACTER CODES
                      00021 
000D                  00022 CR              ORG     0X0D    ; CARRIAGE RETURN
000A                  00023 LF              ORG     0X0A    ; LINE FEED
0007                  00024 BEL             ORG     0X07    ; SOUND BELL
0010                  00025 DEL             ORG     0X10    ; DELETE
0008                  00026 BS              ORG     0X08    ; BACKSPACE
0030                  00027 ZERO            ORG     0X30    ; ASCII 0
0039                  00028 NINE            ORG     0X39    ; ASCII 9
                      00029 
                      00030 ; 2'S COMPLMENT CONSTANTS
00D0                  00031 TWOS30H         ORG     0XD0
00C9                  00032 TWOS37H         ORG     0XC9
                      00033 
0000                  00034                 ORG             __VECTOR_RESET
0000   2805           00035                 GOTO            START   ; POWER ON RESET
0004                  00036                 ORG             __VECTOR_INT
0004   28F4           00037                 GOTO            ISR     ; INTERRUPT HANDLER
                      00038 ;
0005   20E0           00039 START:          CALL            HWINIT  ; SETUP HARDWARE
0006   200A           00040 MESG:           CALL            STARTMES
0007   201F           00041 REPL:           CALL            GETCMD  ; ACCEPT COMMAND
0008   206B           00042                 CALL            RUNCMD  ; EXECUTE COMMAND
0009   2807           00043                 GOTO            REPL
gpasm-1.4.0 #1107 (Apr  3 2018)       DDS.ASM   7-4-2021  14:20:05          PAGE  2


LOC    OBJECT CODE    LINE  SOURCE TEXT
  VALUE

                      00044 
gpasm-1.4.0 #1107 (Apr  3 2018)       DDS.ASM   7-4-2021  14:20:05          PAGE  3


LOC    OBJECT CODE    LINE  SOURCE TEXT
  VALUE

                      00045                 PAGE
                      00046 ; DISPLAY A STARTUP MESSAGE ON THE CONSOLE
000A   3044           00047 STARTMES:       MOVLW           'D'
000B   20D4           00048                 CALL            OUTCH
000C   3044           00049                 MOVLW           'D'
000D   20D4           00050                 CALL            OUTCH
000E   3053           00051                 MOVLW           'S'
000F   20D4           00052                 CALL            OUTCH
0010   3020           00053                 MOVLW           0X20    ; ASCII SPACE
0011   20D4           00054                 CALL            OUTCH
0012   3056           00055                 MOVLW           'V'
0013   20D4           00056                 CALL            OUTCH
0014   3031           00057                 MOVLW           '1'
0015   20D4           00058                 CALL            OUTCH
0016   302E           00059                 MOVLW           '.'
0017   20D4           00060                 CALL            OUTCH
0018   3032           00061                 MOVLW           '2'
0019   20D4           00062                 CALL            OUTCH
001A   300D           00063                 MOVLW           0X0D    ; ASCII LF
001B   20D4           00064                 CALL            OUTCH
001C   300A           00065                 MOVLW           0X0A    ; ASCII CR
001D   20D4           00066                 CALL            OUTCH
001E   0008           00067                 RETURN
                      00068                 
gpasm-1.4.0 #1107 (Apr  3 2018)       DDS.ASM   7-4-2021  14:20:05          PAGE  4


LOC    OBJECT CODE    LINE  SOURCE TEXT
  VALUE

                      00069                 PAGE
                      00070 ; INPUT A COMMAND FROM THE SERIAL PORT
001F   300D           00071 GETCMD:         MOVLW           CR      ; CARRIAGE RETURN
0020   20D4           00072                 CALL            OUTCH
0021   300A           00073                 MOVLW           LF      ; LINE FEED
0022   20D4           00074                 CALL            OUTCH
0023   302A           00075                 MOVLW           '*'     ; COMMAND PROMPT
0024   20D4           00076                 CALL            OUTCH
                      00077 
                      00078 ; INPUT CHARACTERS
0025   01F5           00079 INCMD:          CLRF            CHCNT   ; RESET CHARACTER COUNT
0026   3070           00080                 MOVLW           LINEBUF ; INPUT BUFFER'S ADDRESS
0027   0084           00081                 MOVWF           FSR     ; SET FILE POINTER 
0028   20DA           00082 NXT:            CALL            GETCH   ; INPUT ONE BYTE
0029   00F6           00083                 MOVWF           SREG1   ; SAVE THE INPUTTED CHARACTER
002A   3C0D           00084                 SUBLW           CR      ; CARRIAGE RETURN ?
002B   1D03 282E      00085                 BNZ             INCMD1  ; NO
002D   0008           00086                 RETURN                  ; END OF COMMAND
                      00087 
002E   0875           00088 INCMD1:         MOVFW           CHCNT   ; CHARACTER COUNT
002F   3C05           00089                 SUBLW           CHLIM   ; AT LIMIT?
0030   1D03 2842      00090                 BNZ             INCMD2  ; NO
                      00091 
0032   0876           00092                 MOVFW           SREG1   ; INPUTTED CHARACTER
0033   3C08           00093                 SUBLW           BS      ; BACKSPACE?
0034   1D03 283F      00094                 BNZ             INCMD6  ; NOPE
                      00095 
                      00096 ; AT LIMIT,  BACKSPACE
0036   3008           00097                 MOVLW           BS
0037   20D4           00098                 CALL            OUTCH   ; BACKSPACE
0038   3020           00099                 MOVLW           ' '     ; SPACE
0039   20D4           00100                 CALL            OUTCH
003A   3008           00101                 MOVLW           BS      ; BACKSPACE
003B   20D4           00102                 CALL            OUTCH
003C   03F5           00103                 DECF            CHCNT   ; DECREMENT CHARACTER COUNT
003D   0384           00104                 DECF            FSR     ; REVERSE POINTER               
003E   2828           00105                 GOTO            NXT     ; NEXT CHARACTER                
                      00106 
003F   3007           00107 INCMD6:         MOVLW           BEL     ; ASCII BELL
0040   20D4           00108                 CALL            OUTCH   ; SEND BELL TO TERMINAL
0041   2828           00109                 GOTO            NXT     ; WAIT FOR INPUT
                      00110 
0042   0876           00111 INCMD2:         MOVFW           SREG1   ; GET THE CHARACTER
0043   3C08           00112                 SUBLW           BS      ; BACKSPACE?
0044   1D03 2855      00113                 BNZ             INCMD8  ; NO
                      00114 
0046   08F5           00115 INCMD3:         MOVF            CHCNT,1 ; NUMBER OF INPUTTED CHARACTERS
0047   1903 2852      00116                 BZ              INCMD5  ; EMPTY BUFFER?
0049   3008           00117                 MOVLW           BS      ; BACK SPACE
004A   20D4           00118                 CALL            OUTCH   ; 
004B   3020           00119                 MOVLW           ' '     ; SPACE
004C   20D4           00120                 CALL            OUTCH
004D   3008           00121                 MOVLW           BS      ; BACK SPACE
gpasm-1.4.0 #1107 (Apr  3 2018)       DDS.ASM   7-4-2021  14:20:05          PAGE  5


LOC    OBJECT CODE    LINE  SOURCE TEXT
  VALUE

004E   20D4           00122                 CALL            OUTCH
004F   03F5           00123                 DECF            CHCNT   ; DECREMENT COUNT
0050   0384           00124                 DECF            FSR     ; BACKUP ONE POSITION
0051   2828           00125                 GOTO            NXT     ; GET NEXT CHARACTER
                      00126  
0052   3007           00127 INCMD5:         MOVLW           BEL     ; ASCII BELL
0053   20D4           00128                 CALL            OUTCH   ; SEND BELL TO TERMINAL
0054   2828           00129                 GOTO            NXT     ; GET THE NEXT CHARACTER
                      00130 
                      00131 ; DETERMINE IF THE CHARACTER IS A DIGIT
0055   3030           00132 INCMD8:         MOVLW           ZERO    ; ASCII 0
0056   0276           00133                 SUBWF           SREG1,0 ; COMPARE
0057   1C03 2864      00134                 BNC             INCMD4  ; < ASCII 0
0059   0876           00135                 MOVFW           SREG1   ; INPUTTED CHARACTER
005A   3C39           00136                 SUBLW           NINE    ; ASCII 9
005B   1C03 2864      00137                 BNC             INCMD4  ; > ASCII 9
                      00138 
                      00139 ; THE CHARACTER IS A DIGIT 0...9
005D   0876           00140                 MOVFW           SREG1   ; INPUTTED CHARACTER
005E   0080           00141                 MOVWF           INDF    ; DEPOSIT IN LINE BUFFER AREA
005F   0A84           00142                 INCF            FSR     ; POINT AT NEXT LOCATION
0060   0AF5           00143                 INCF            CHCNT   ; BUMP CHARACTER COUNT
0061   0876           00144                 MOVFW           SREG1   ; INPUTTED CHARACTER
0062   20D4           00145                 CALL            OUTCH   ; ECHO THE INPUTTED CHARACTER
0063   2828           00146                 GOTO            NXT     ; GET THE NEXT CHARACTER
                      00147 
                      00148 ; THE CHARACTER IS NOT A DIGIT
0064   0876           00149 INCMD4:         MOVFW           SREG1   ; INPUTTED CHARACTER
0065   39DF           00150                 ANDLW           0XDF    ; FORCE UPPER CASE
0066   20D4           00151                 CALL            OUTCH   ; ECHO THE CHARACTER
0067   0080           00152                 MOVWF           INDF    ; DEPOSIT IN LINE BUFFER AREA
0068   0A84           00153                 INCF            FSR     ; POINT AT NEXT LOCATION
0069   0AF5           00154                 INCF            CHCNT   ; BUMP THE CHARACTER COUNT
006A   2828           00155                 GOTO            NXT     ; GET THE NEXT CHARACTER                
                      00156 
gpasm-1.4.0 #1107 (Apr  3 2018)       DDS.ASM   7-4-2021  14:20:05          PAGE  6


LOC    OBJECT CODE    LINE  SOURCE TEXT
  VALUE

                      00157                 PAGE
                      00158 
                      00159 ; EXECUTE A COMMAND
006B   0870           00160 RUNCMD:         MOVFW           LINEBUF ; GET THE COMMAND LETTER
006C   3C46           00161                 SUBLW           'F'     ; FREQUENCY SET COMMAND?
006D   1D03 2871      00162                 BNZ             RUNCMD1 ; NO
006F   208A           00163                 CALL            SETFREQ ; SET THE FREQUENCY
0070   0008           00164                 RETURN
                      00165 
0071   0870           00166 RUNCMD1:        MOVFW           LINEBUF ; GET COMMAND LETTER
0072   3C52           00167                 SUBLW           'R'     ; RESET ACCUMULATOR
0073   1D03 2877      00168                 BNZ             RUNCMD2 ; NO
0075   20C3           00169                 CALL            ACCRST  ; ACCUMULATOR RESET
0076   0008           00170                 RETURN
                      00171 
0077   0870           00172 RUNCMD2:        MOVFW           LINEBUF ; GET COMMAND LETTER
0078   3C54           00173                 SUBLW           'T'     ; TUNING WORD RESET COMMAND
0079   1D03 287D      00174                 BNZ             RUNCMD3 ; NO
007B   20C7           00175                 CALL            TWRST   ; RESET THE TUNING WORD
007C   0008           00176                 RETURN
                      00177 
                      00178 ; UNKNOWN COMMAND
007D   300D           00179 RUNCMD3:        MOVLW           CR
007E   20D4           00180                 CALL            OUTCH
007F   300A           00181                 MOVLW           LF
0080   20D4           00182                 CALL            OUTCH
0081   303F           00183                 MOVLW           '?'
0082   20D4           00184                 CALL            OUTCH
0083   20D4           00185                 CALL            OUTCH
0084   20D4           00186                 CALL            OUTCH
0085   300D           00187                 MOVLW           CR
0086   20D4           00188                 CALL            OUTCH
0087   300A           00189                 MOVLW           LF
0088   20D4           00190                 CALL            OUTCH
0089   0008           00191                 RETURN
                      00192 
gpasm-1.4.0 #1107 (Apr  3 2018)       DDS.ASM   7-4-2021  14:20:05          PAGE  7


LOC    OBJECT CODE    LINE  SOURCE TEXT
  VALUE

                      00193                 PAGE
                      00194 
                      00195 ; SET FREQUENCY
008A   0875           00196 SETFREQ:        MOVFW           CHCNT           ; INPUTTED CHARACTER COUNT
008B   3C05           00197                 SUBLW           5               ; COMPARE WITH 5
008C   1903 2895      00198                 BZ              SETFQ           ; VALID COMMAND?
                      00199 ; BAD SYNTAX
008E   300D           00200                 MOVLW           CR
008F   20D4           00201                 CALL            OUTCH
0090   300A           00202                 MOVLW           LF
0091   20D4           00203                 CALL            OUTCH
0092   303E           00204                 MOVLW           '>'
0093   20D4           00205                 CALL            OUTCH
0094   0008           00206                 RETURN
                      00207 ;
0095   0871           00208 SETFQ:          MOVFW           LINEBUF+1       ; GET 1ST HEX CHARACTER
0096   20CB           00209                 CALL            HEX2BIN         ; CONVERT TO BINARY
0097   00F9           00210                 MOVWF           TWHI            ; SAVE RESULT
0098   0EF9           00211                 SWAPF           TWHI            ; MOVE RESULT TO UPPER NIBBLE
0099   0872           00212                 MOVFW           LINEBUF+2       ; GET 2ND HEX CHARACTER
009A   20CB           00213                 CALL            HEX2BIN         ; CONVERT TO BINARY
009B   04F9           00214                 IORWF           TWHI,1          ; COMBINE THE UPPER AND LOWER NIBBLES
                      00215 ;
009C   0873           00216                 MOVFW           LINEBUF+3       ; GET 3RD HEX CHARACTER
009D   20CB           00217                 CALL            HEX2BIN         ; CONVERT TO BINARY
009E   00F8           00218                 MOVWF           TWLO            ; SAVE RESULT
009F   0EF8           00219                 SWAPF           TWLO            ; MOVE RESULT TO UPPER NIBBLE
00A0   0874           00220                 MOVFW           LINEBUF+4       ; GET 4TH HEX CHARACTER
00A1   20CB           00221                 CALL            HEX2BIN         ; CONVERT TO BINARY
00A2   04F8           00222                 IORWF           TWLO            ; COMBINE THE UPPER AND LOWER NIBBLES
                      00223 ;
                      00224 ; SHIFT THE TUNING WORD VALUE INTO THE SIPO SHIFT-REGISTER
                      00225 ;
                      00226 ; TRANSFER THE MSB FIRST
                      00227 ;
00A3   3008           00228                 MOVLW           8               ; 8 BITS
00A4   00F6           00229                 MOVWF           SREG1           ; BIT COUNTER
00A5   0DF9           00230 M3:             RLF             TWHI,1          ; ROTATE LEFT
00A6   1C03 28AA      00231                 BNC             M1              ; NOT SET
00A8   1505           00232                 BSF             PORTA,RA2       ; TW DATA 1
00A9   28AB           00233                 GOTO            M2
00AA   1105           00234 M1:             BCF             PORTA,RA2       ; TW DATA 0
00AB   1485           00235 M2:             BSF             PORTA,RA1       ; TW CLOCK 0 => 1
00AC   0000           00236                 NOP                             ; 100NS @ 10Mhz
00AD   1085           00237                 BCF             PORTA,RA1       ; TW CLOCK 1 => 0
00AE   03F6           00238                 DECF            SREG1           ; 8 BITS SHIFTED?
00AF   1D03 28A5      00239                 BNZ             M3              ; NO
                      00240 ;
                      00241 ; TRANSFER THE LSB
                      00242 ;
00B1   3008           00243                 MOVLW           8               ; 8 BITS
00B2   00F6           00244                 MOVWF           SREG1           ; BIT COUNTER
00B3   0DF8           00245 N3:             RLF             TWLO,1          ; ROTATE LEFT
gpasm-1.4.0 #1107 (Apr  3 2018)       DDS.ASM   7-4-2021  14:20:05          PAGE  8


LOC    OBJECT CODE    LINE  SOURCE TEXT
  VALUE

00B4   1C03 28B8      00246                 BNC             N1              ; BIT NOT SET
00B6   1505           00247                 BSF             PORTA,RA2       ; TW DATA 1
00B7   28B9           00248                 GOTO            N2
00B8   1105           00249 N1:             BCF             PORTA,RA2       ; TW DATA 0
00B9   1485           00250 N2:             BSF             PORTA,RA1       ; TW CLOCK 0 => 1
00BA   0000           00251                 NOP                             ; 100NS @ 10Mhz
00BB   1085           00252                 BCF             PORTA,RA1       ; TW CLOCK 1 => 0
00BC   03F6           00253                 DECF            SREG1           ; 8 BITS SHIFTED?
00BD   1D03 28B3      00254                 BNZ             N3
                      00255 ;
                      00256 ; RESET THE PHASE ACCUMULATOR AND THE DAC
                      00257 ;
00BF   1185           00258                 BCF             PORTA,RA3       ; RESET 1 => 0
00C0   0000           00259                 NOP                             ; 100NS AT 10MHZ
00C1   1585           00260                 BSF             PORTA,RA3       ; RESET 0 => 1
                      00261 
00C2   0008           00262                 RETURN
                      00263 
                      00264 ; PHASE ACCUMULATOR RESET
00C3   1185           00265 ACCRST:         BCF             PORTA,RA3       ; HIGH -> LOW
00C4   0000           00266                 NOP                             ; 100NS @ 10Mhz
00C5   1585           00267                 BSF             PORTA,RA3       ; LOW -> HIGH
00C6   0008           00268                 RETURN
                      00269 
                      00270 ; TUNING WORD RESET
00C7   1005           00271 TWRST:          BCF             PORTA,RA0       ; HIGH -> LOW
00C8   0000           00272                 NOP                             ; 100NS @ 10Mhz
00C9   1405           00273                 BSF             PORTA,RA0       ; LOW -> HIGH
00CA   0008           00274                 RETURN
                      00275 
                      00276 ; CONVERT ASCII HEX CHARACTER INTO 4-BIT BINARY VALUE
00CB   00F6           00277 HEX2BIN:        MOVWF           SREG1           ; SAVE THE HEX CHARACTER
00CC   3C39           00278                 SUBLW           NINE            ; COMPARE WITH ASCII 9
00CD   0876           00279                 MOVFW           SREG1           ; RESTORE HEX CHARACTER
00CE   1C03 28D2      00280                 BNC             LETTER
00D0   3ED0           00281                 ADDLW           TWOS30H         ; CONVERT HEX DIGIT 0,...,9
00D1   0008           00282                 RETURN
00D2   3EC9           00283 LETTER:         ADDLW           TWOS37H         ; CONVERT HEX LETTER A,...,F
00D3   0008           00284                 RETURN
                      00285 
gpasm-1.4.0 #1107 (Apr  3 2018)       DDS.ASM   7-4-2021  14:20:05          PAGE  9


LOC    OBJECT CODE    LINE  SOURCE TEXT
  VALUE

                      00286                 PAGE
                      00287 ; OUTPUT CHARACTER PASSED IN W ON THE SERIAL PORT
00D4   1683           00288 OUTCH:          BSF             STATUS,RP0      ; ** BANK 1 **
00D5   1C98           00289 POLL:           BTFSS           TXSTA,TRMT      ; POLL SHIFT REGISTER STATUS
00D6   28D5           00290                 GOTO            POLL
00D7   1283           00291                 BCF             STATUS,RP0      ; ** BANK 0 **
00D8   0099           00292                 MOVWF           TXREG           ; TX DATA REGISTER
00D9   0008           00293                 RETURN
                      00294 
                      00295 ; RETURN A CHARACTER FROM THE SERIAL PORT IN W
00DA   1E8C           00296 GETCH:          BTFSS           PIR1,RCIF       ; DATA AVAILABLE?
00DB   28DA           00297                 GOTO            GETCH
00DC   081A           00298                 MOVFW           RCREG           ; GET RECEIVED CHARACTER
00DD   0008           00299                 RETURN
                      00300 
                      00301 
00DE   0000           00302 PAUSE:          NOP
00DF   0008           00303                 RETURN
                      00304 
gpasm-1.4.0 #1107 (Apr  3 2018)       DDS.ASM   7-4-2021  14:20:05          PAGE 10


LOC    OBJECT CODE    LINE  SOURCE TEXT
  VALUE

                      00305                 PAGE
                      00306 
00E0                  00307 HWINIT:
                      00308 ; CONFIGURE THE SERIAL PORT FOR 9600 BPS, 1 STOP BIT, NO PARITY
00E0   3090           00309                 MOVLW           B'10010000'
00E1   0098           00310                 MOVWF           RCSTA   ; RECEIVE CONTROL REGISTER
00E2   3024           00311                 MOVLW           B'00100100'
00E3   1683           00312                 BSF             STATUS,RP0 ; ** BANK 1 **
00E4   0098           00313                 MOVWF           TXSTA   ; TRANSMIT CONTROL REGISTER
00E5   3040           00314                 MOVLW           0x40    ; BGRH=1
00E6   0099           00315                 MOVWF           SPBRG   ; DIVIDER FOR BRG - 9600 BPS
                      00316 ; CONFIGURE PINS RB2 & RB1 AS SERIAL TX AND RX
00E7   1486           00317                 BSF             TRISB,TRISB1
00E8   1506           00318                 BSF             TRISB,TRISB2
                      00319 ; CONFIGURE PINS RA0, RA1, RA2, AND RA3 AS OUTPUTS
00E9   1005           00320                 BCF             TRISA,TRISA0    ; RA0 TW RESET
00EA   1085           00321                 BCF             TRISA,TRISA1    ; RA1 TW CLOCK
00EB   1105           00322                 BCF             TRISA,TRISA2    ; RA2 TW DATA
00EC   1185           00323                 BCF             TRISA,TRISA3    ; RA3 ACCUMULATOR RESET
00ED   1283           00324                 BCF             STATUS,RP0      ; ** BANK 0 **
                      00325 ; DISABLE ANALOG COMPARATORS
00EE   141F           00326                 BSF             CMCON,CM0       ; SEE PAGE 64 OF THE DATA SHEET
00EF   149F           00327                 BSF             CMCON,CM1
00F0   151F           00328                 BSF             CMCON,CM2
                      00329 ; SET RESET SIGNALS
00F1   1405           00330                 BSF             PORTA,RA0       ; DEASSERT TW RESET
00F2   1585           00331                 BSF             PORTA,RA3       ; DEASSERT ACCUMULATOR RESET
00F3   0008           00332                 RETURN
                      00333 
                      00334 ; INTERRUPT ROUTINE
00F4   0000           00335 ISR:            NOP
00F5   0009           00336                 RETFIE
                      00337                 END
gpasm-1.4.0 #1107 (Apr  3 2018)       DDS.ASM   7-4-2021  14:20:05          PAGE 11


SYMBOL TABLE
  LABEL                             VALUE

ACCRST                            000000C3
ADDEN                             00000003
ADEN                              00000003
BEL                               00000007
BRGH                              00000002
BS                                00000008
C                                 00000000
C1INV                             00000004
C1OUT                             00000006
C2INV                             00000005
C2OUT                             00000007
CCP1CON                           00000017
CCP1IE                            00000002
CCP1IF                            00000002
CCP1M0                            00000000
CCP1M1                            00000001
CCP1M2                            00000002
CCP1M3                            00000003
CCP1X                             00000005
CCP1Y                             00000004
CCPR1                             00000015
CCPR1H                            00000016
CCPR1L                            00000015
CHCNT                             00000075
CHLIM                             00000005
CIS                               00000003
CM0                               00000000
CM1                               00000001
CM2                               00000002
CMCON                             0000001F
CMIE                              00000006
CMIF                              00000006
CR                                0000000D
CREN                              00000004
CSRC                              00000007
DATA_CP_OFF                       00003FFF
DATA_CP_ON                        00003EFF
DC                                00000001
DEL                               00000010
EEADR                             0000009B
EECON1                            0000009C
EECON2                            0000009D
EEDATA                            0000009A
EEIE                              00000007
EEIF                              00000007
F                                 00000001
FERR                              00000002
FSR                               00000004
GETCH                             000000DA
GETCMD                            0000001F
GIE                               00000007
HEX2BIN                           000000CB
HWINIT                            000000E0
gpasm-1.4.0 #1107 (Apr  3 2018)       DDS.ASM   7-4-2021  14:20:05          PAGE 12


SYMBOL TABLE
  LABEL                             VALUE 

INCMD                             00000025
INCMD1                            0000002E
INCMD2                            00000042
INCMD3                            00000046
INCMD4                            00000064
INCMD5                            00000052
INCMD6                            0000003F
INCMD8                            00000055
INDF                              00000000
INTCON                            0000000B
INTE                              00000004
INTEDG                            00000006
INTF                              00000001
IRP                               00000007
ISR                               000000F4
LETTER                            000000D2
LF                                0000000A
LINEBUF                           00000070
M1                                000000AA
M2                                000000AB
M3                                000000A5
MESG                              00000006
N1                                000000B8
N2                                000000B9
N3                                000000B3
NINE                              00000039
NOT_BO                            00000000
NOT_BOD                           00000000
NOT_BOR                           00000000
NOT_PD                            00000003
NOT_POR                           00000001
NOT_RBPU                          00000007
NOT_T1SYNC                        00000002
NOT_TO                            00000004
NXT                               00000028
OERR                              00000001
OPTION_REG                        00000081
OSCF                              00000003
OUTCH                             000000D4
PAUSE                             000000DE
PCL                               00000002
PCLATH                            0000000A
PCON                              0000008E
PEIE                              00000006
PIE1                              0000008C
PIR1                              0000000C
POLL                              000000D5
PORTA                             00000005
PORTB                             00000006
PR2                               00000092
PS0                               00000000
PS1                               00000001
PS2                               00000002
gpasm-1.4.0 #1107 (Apr  3 2018)       DDS.ASM   7-4-2021  14:20:05          PAGE 13


SYMBOL TABLE
  LABEL                             VALUE 

PSA                               00000003
RA0                               00000000
RA1                               00000001
RA2                               00000002
RA3                               00000003
RA4                               00000004
RA5                               00000005
RA6                               00000006
RA7                               00000007
RB0                               00000000
RB1                               00000001
RB2                               00000002
RB3                               00000003
RB4                               00000004
RB5                               00000005
RB6                               00000006
RB7                               00000007
RBIE                              00000003
RBIF                              00000000
RCIE                              00000005
RCIF                              00000005
RCREG                             0000001A
RCSTA                             00000018
RD                                00000000
REPL                              00000007
RP0                               00000005
RP1                               00000006
RUNCMD                            0000006B
RUNCMD1                           00000071
RUNCMD2                           00000077
RUNCMD3                           0000007D
RX9                               00000006
RX9D                              00000000
SETFQ                             00000095
SETFREQ                           0000008A
SPBRG                             00000099
SPEN                              00000007
SREG1                             00000076
SREG2                             00000077
SREN                              00000005
START                             00000005
STARTMES                          0000000A
STATUS                            00000003
SYNC                              00000004
T0CS                              00000005
T0IE                              00000005
T0IF                              00000002
T0SE                              00000004
T1CKPS0                           00000004
T1CKPS1                           00000005
T1CON                             00000010
T1OSCEN                           00000003
T2CKPS0                           00000000
gpasm-1.4.0 #1107 (Apr  3 2018)       DDS.ASM   7-4-2021  14:20:05          PAGE 14


SYMBOL TABLE
  LABEL                             VALUE 

T2CKPS1                           00000001
T2CON                             00000012
TMR0                              00000001
TMR0IE                            00000005
TMR0IF                            00000002
TMR1                              0000000E
TMR1CS                            00000001
TMR1H                             0000000F
TMR1IE                            00000000
TMR1IF                            00000000
TMR1L                             0000000E
TMR1ON                            00000000
TMR2                              00000011
TMR2IE                            00000001
TMR2IF                            00000001
TMR2ON                            00000002
TOUTPS0                           00000003
TOUTPS1                           00000004
TOUTPS2                           00000005
TOUTPS3                           00000006
TRISA                             00000085
TRISA0                            00000000
TRISA1                            00000001
TRISA2                            00000002
TRISA3                            00000003
TRISA4                            00000004
TRISA5                            00000005
TRISA6                            00000006
TRISA7                            00000007
TRISB                             00000086
TRISB0                            00000000
TRISB1                            00000001
TRISB2                            00000002
TRISB3                            00000003
TRISB4                            00000004
TRISB5                            00000005
TRISB6                            00000006
TRISB7                            00000007
TRMT                              00000001
TWHI                              00000079
TWLO                              00000078
TWOS30H                           000000D0
TWOS37H                           000000C9
TWRST                             000000C7
TX9                               00000006
TX9D                              00000000
TXEN                              00000005
TXIE                              00000004
TXIF                              00000004
TXREG                             00000019
TXSTA                             00000098
VR0                               00000000
VR1                               00000001
gpasm-1.4.0 #1107 (Apr  3 2018)       DDS.ASM   7-4-2021  14:20:05          PAGE 15


SYMBOL TABLE
  LABEL                             VALUE 

VR2                               00000002
VR3                               00000003
VRCON                             0000009F
VREN                              00000007
VROE                              00000006
VRR                               00000005
W                                 00000000
WR                                00000001
WREN                              00000002
WRERR                             00000003
Z                                 00000002
ZERO                              00000030
_BODEN_OFF                        00003FBF
_BODEN_ON                         00003FFF
_BOREN_OFF                        00003FBF
_BOREN_ON                         00003FFF
_CONFIG                           00002007
_CPD_OFF                          00003FFF
_CPD_ON                           00003EFF
_CP_OFF                           00003FFF
_CP_ON                            00001FFF
_DEVID1                           00002006
_ER_OSC_CLKOUT                    00003FFF
_ER_OSC_NOCLKOUT                  00003FFE
_EXTCLK_OSC                       00003FEF
_FOSC_ECIO                        00003FEF
_FOSC_EXTRCCLK                    00003FFF
_FOSC_EXTRCIO                     00003FFE
_FOSC_HS                          00003FEE
_FOSC_INTOSCCLK                   00003FFD
_FOSC_INTOSCIO                    00003FFC
_FOSC_LP                          00003FEC
_FOSC_XT                          00003FED
_HS_OSC                           00003FEE
_IDLOC0                           00002000
_IDLOC1                           00002001
_IDLOC2                           00002002
_IDLOC3                           00002003
_INTOSC_OSC_CLKOUT                00003FFD
_INTOSC_OSC_NOCLKOUT              00003FFC
_INTRC_OSC_CLKOUT                 00003FFD
_INTRC_OSC_NOCLKOUT               00003FFC
_LP_OSC                           00003FEC
_LVP_OFF                          00003F7F
_LVP_ON                           00003FFF
_MCLRE_OFF                        00003FDF
_MCLRE_ON                         00003FFF
_PWRTE_OFF                        00003FFF
_PWRTE_ON                         00003FF7
_RC_OSC_CLKOUT                    00003FFF
_RC_OSC_NOCLKOUT                  00003FFE
_WDTE_OFF                         00003FFB
_WDTE_ON                          00003FFF
gpasm-1.4.0 #1107 (Apr  3 2018)       DDS.ASM   7-4-2021  14:20:05          PAGE 16


SYMBOL TABLE
  LABEL                             VALUE 

_WDT_OFF                          00003FFB
_WDT_ON                           00003FFF
_XT_OSC                           00003FED
__16F628A                         00000001
__CODE_END                        000007FF
__CODE_START                      00000000
__COMMON_RAM_END                  0000007F
__COMMON_RAM_START                00000070
__EEPROM_END                      0000217F
__EEPROM_START                    00002100
__VECTOR_INT                      00000004
__VECTOR_RESET                    00000000


MEMORY USAGE MAP ('X' = Used,  '-' = Unused)

0000 : X---XXXXXXXXXXXX XXXXXXXXXXXXXXXX XXXXXXXXXXXXXXXX XXXXXXXXXXXXXXXX
0040 : XXXXXXXXXXXXXXXX XXXXXXXXXXXXXXXX XXXXXXXXXXXXXXXX XXXXXXXXXXXXXXXX
0080 : XXXXXXXXXXXXXXXX XXXXXXXXXXXXXXXX XXXXXXXXXXXXXXXX XXXXXXXXXXXXXXXX
00C0 : XXXXXXXXXXXXXXXX XXXXXXXXXXXXXXXX XXXXXXXXXXXXXXXX XXXXXX----------
2000 : -------X-------- ---------------- ---------------- ----------------

All other memory blocks unused.

Program Memory Words Used:   243
Program Memory Words Free:  1805


Errors   :     0
Warnings :     0 reported,     0 suppressed
Messages :     0 reported,    22 suppressed

